2021-11-03 19:51:02 INFO  Runs:25 - Login Ekranına Gidildi
2021-11-03 19:51:02 INFO  Runs:35 - Login Olundu.
2021-11-03 19:51:12 INFO  Runs:41 - Pantolon Kelimesi Aratıldı.
2021-11-03 19:51:16 INFO  Runs:46 - İkinci Sayfaya Geçildi.
2021-11-03 19:51:20 INFO  Runs:52 - Ürün Seçildi.
2021-11-03 19:51:21 INFO  Runs:57 - Ürün Bedeni Seçildi.
2021-11-03 19:51:22 INFO  Runs:63 - Sepete Eklendi.
2021-11-03 19:51:28 INFO  Runs:66 - Sepete Gidildi
2021-11-03 19:51:29 INFO  Runs:71 - Ürün Detaydaki Tutarla Sepetteki Tutarın Eşitliği Doğrulandı.
2021-11-03 19:51:30 INFO  Runs:76 - Ürün Adeti Arttırıldı.
2021-11-03 19:51:33 INFO  Runs:80 - Ürün Adetinin Arttırıldığı Doğrulandı.
2021-11-03 19:51:33 INFO  Runs:85 - Ürün Sepetten Silindi
2021-11-03 19:51:34 INFO  Runs:40 - Uygulama Kapatıldı.
2021-11-03 19:52:23 INFO  Runs:21 - Uygulama Açıldı.
2021-11-03 19:52:23 INFO  Runs:25 - Login Ekranına Gidildi
2021-11-03 19:52:23 INFO  Runs:35 - Login Olundu.
2021-11-03 19:52:31 INFO  Runs:41 - Pantolon Kelimesi Aratıldı.
2021-11-03 19:52:34 INFO  Runs:46 - İkinci Sayfaya Geçildi.
2021-11-03 19:52:40 INFO  Runs:52 - Ürün Seçildi.
2021-11-03 19:52:43 INFO  Runs:57 - Ürün Bedeni Seçildi.
2021-11-03 19:52:44 INFO  Runs:63 - Sepete Eklendi.
2021-11-03 19:52:50 INFO  Runs:66 - Sepete Gidildi
2021-11-03 19:52:51 INFO  Runs:71 - Ürün Detaydaki Tutarla Sepetteki Tutarın Eşitliği Doğrulandı.
2021-11-03 19:52:52 INFO  Runs:76 - Ürün Adeti Arttırıldı.
2021-11-03 19:52:55 INFO  Runs:80 - Ürün Adetinin Arttırıldığı Doğrulandı.
2021-11-03 19:52:55 INFO  Runs:85 - Ürün Sepetten Silindi
2021-11-03 19:52:56 INFO  Runs:40 - Uygulama Kapatıldı.
